2023-10-06 11:36:52,180 [Worker-5: Loading available Gradle versions] INFO  o.e.b.c.i.u.g.PublishedGradleVersions - Gradle version information cache is up-to-date. Trying to read.
2023-10-06 11:37:55,813 [Worker-15: Launching mavenrun-2bbf5660-bdc1-4849-a74e-76cc71da2752] INFO  o.eclipse.m2e.core.internal.Bundles - getClasspathEntries(Bundle=org.eclipse.m2e.maven.runtime_3.8.701.20230209-1606 [610])
2023-10-06 11:37:55,945 [Worker-15: Launching mavenrun-2bbf5660-bdc1-4849-a74e-76cc71da2752] INFO  o.eclipse.m2e.core.internal.Bundles - 	Entry: C:\Users\subhraprakashs\Downloads\eclipse-jee-2023-03-R-win32-x86_64\eclipse\plugins\org.eclipse.m2e.maven.runtime_3.8.701.20230209-1606
2023-10-06 11:37:55,945 [Worker-15: Launching mavenrun-2bbf5660-bdc1-4849-a74e-76cc71da2752] INFO  o.eclipse.m2e.core.internal.Bundles - 	Entry: C:\Users\subhraprakashs\Downloads\eclipse-jee-2023-03-R-win32-x86_64\eclipse\plugins\org.eclipse.m2e.maven.runtime_3.8.701.20230209-1606\jars\aether-connector-okhttp-0.17.8.jar
2023-10-06 11:37:55,945 [Worker-15: Launching mavenrun-2bbf5660-bdc1-4849-a74e-76cc71da2752] INFO  o.eclipse.m2e.core.internal.Bundles - 	Entry: C:\Users\subhraprakashs\Downloads\eclipse-jee-2023-03-R-win32-x86_64\eclipse\plugins\org.eclipse.m2e.maven.runtime_3.8.701.20230209-1606\jars\commons-lang3-3.8.1.jar
2023-10-06 11:37:55,945 [Worker-15: Launching mavenrun-2bbf5660-bdc1-4849-a74e-76cc71da2752] INFO  o.eclipse.m2e.core.internal.Bundles - 	Entry: C:\Users\subhraprakashs\Downloads\eclipse-jee-2023-03-R-win32-x86_64\eclipse\plugins\org.eclipse.m2e.maven.runtime_3.8.701.20230209-1606\jars\guice-4.2.2-no_aop.jar
2023-10-06 11:37:55,946 [Worker-15: Launching mavenrun-2bbf5660-bdc1-4849-a74e-76cc71da2752] INFO  o.eclipse.m2e.core.internal.Bundles - 	Entry: C:\Users\subhraprakashs\Downloads\eclipse-jee-2023-03-R-win32-x86_64\eclipse\plugins\org.eclipse.m2e.maven.runtime_3.8.701.20230209-1606\jars\jansi-2.4.0.jar
2023-10-06 11:37:55,946 [Worker-15: Launching mavenrun-2bbf5660-bdc1-4849-a74e-76cc71da2752] INFO  o.eclipse.m2e.core.internal.Bundles - 	Entry: C:\Users\subhraprakashs\Downloads\eclipse-jee-2023-03-R-win32-x86_64\eclipse\plugins\org.eclipse.m2e.maven.runtime_3.8.701.20230209-1606\jars\maven-artifact-3.8.7.jar
2023-10-06 11:37:55,947 [Worker-15: Launching mavenrun-2bbf5660-bdc1-4849-a74e-76cc71da2752] INFO  o.eclipse.m2e.core.internal.Bundles - 	Entry: C:\Users\subhraprakashs\Downloads\eclipse-jee-2023-03-R-win32-x86_64\eclipse\plugins\org.eclipse.m2e.maven.runtime_3.8.701.20230209-1606\jars\maven-builder-support-3.8.7.jar
2023-10-06 11:37:55,947 [Worker-15: Launching mavenrun-2bbf5660-bdc1-4849-a74e-76cc71da2752] INFO  o.eclipse.m2e.core.internal.Bundles - 	Entry: C:\Users\subhraprakashs\Downloads\eclipse-jee-2023-03-R-win32-x86_64\eclipse\plugins\org.eclipse.m2e.maven.runtime_3.8.701.20230209-1606\jars\maven-compat-3.8.7.jar
2023-10-06 11:37:55,947 [Worker-15: Launching mavenrun-2bbf5660-bdc1-4849-a74e-76cc71da2752] INFO  o.eclipse.m2e.core.internal.Bundles - 	Entry: C:\Users\subhraprakashs\Downloads\eclipse-jee-2023-03-R-win32-x86_64\eclipse\plugins\org.eclipse.m2e.maven.runtime_3.8.701.20230209-1606\jars\maven-core-3.8.7.jar
2023-10-06 11:37:55,947 [Worker-15: Launching mavenrun-2bbf5660-bdc1-4849-a74e-76cc71da2752] INFO  o.eclipse.m2e.core.internal.Bundles - 	Entry: C:\Users\subhraprakashs\Downloads\eclipse-jee-2023-03-R-win32-x86_64\eclipse\plugins\org.eclipse.m2e.maven.runtime_3.8.701.20230209-1606\jars\maven-embedder-3.8.7.jar
2023-10-06 11:37:55,947 [Worker-15: Launching mavenrun-2bbf5660-bdc1-4849-a74e-76cc71da2752] INFO  o.eclipse.m2e.core.internal.Bundles - 	Entry: C:\Users\subhraprakashs\Downloads\eclipse-jee-2023-03-R-win32-x86_64\eclipse\plugins\org.eclipse.m2e.maven.runtime_3.8.701.20230209-1606\jars\maven-model-3.8.7.jar
2023-10-06 11:37:55,947 [Worker-15: Launching mavenrun-2bbf5660-bdc1-4849-a74e-76cc71da2752] INFO  o.eclipse.m2e.core.internal.Bundles - 	Entry: C:\Users\subhraprakashs\Downloads\eclipse-jee-2023-03-R-win32-x86_64\eclipse\plugins\org.eclipse.m2e.maven.runtime_3.8.701.20230209-1606\jars\maven-model-builder-3.8.7.jar
2023-10-06 11:37:55,948 [Worker-15: Launching mavenrun-2bbf5660-bdc1-4849-a74e-76cc71da2752] INFO  o.eclipse.m2e.core.internal.Bundles - 	Entry: C:\Users\subhraprakashs\Downloads\eclipse-jee-2023-03-R-win32-x86_64\eclipse\plugins\org.eclipse.m2e.maven.runtime_3.8.701.20230209-1606\jars\maven-plugin-api-3.8.7.jar
2023-10-06 11:37:55,948 [Worker-15: Launching mavenrun-2bbf5660-bdc1-4849-a74e-76cc71da2752] INFO  o.eclipse.m2e.core.internal.Bundles - 	Entry: C:\Users\subhraprakashs\Downloads\eclipse-jee-2023-03-R-win32-x86_64\eclipse\plugins\org.eclipse.m2e.maven.runtime_3.8.701.20230209-1606\jars\maven-repository-metadata-3.8.7.jar
2023-10-06 11:37:55,948 [Worker-15: Launching mavenrun-2bbf5660-bdc1-4849-a74e-76cc71da2752] INFO  o.eclipse.m2e.core.internal.Bundles - 	Entry: C:\Users\subhraprakashs\Downloads\eclipse-jee-2023-03-R-win32-x86_64\eclipse\plugins\org.eclipse.m2e.maven.runtime_3.8.701.20230209-1606\jars\maven-resolver-api-1.6.3.jar
2023-10-06 11:37:55,948 [Worker-15: Launching mavenrun-2bbf5660-bdc1-4849-a74e-76cc71da2752] INFO  o.eclipse.m2e.core.internal.Bundles - 	Entry: C:\Users\subhraprakashs\Downloads\eclipse-jee-2023-03-R-win32-x86_64\eclipse\plugins\org.eclipse.m2e.maven.runtime_3.8.701.20230209-1606\jars\maven-resolver-connector-basic-1.6.3.jar
2023-10-06 11:37:55,949 [Worker-15: Launching mavenrun-2bbf5660-bdc1-4849-a74e-76cc71da2752] INFO  o.eclipse.m2e.core.internal.Bundles - 	Entry: C:\Users\subhraprakashs\Downloads\eclipse-jee-2023-03-R-win32-x86_64\eclipse\plugins\org.eclipse.m2e.maven.runtime_3.8.701.20230209-1606\jars\maven-resolver-impl-1.6.3.jar
2023-10-06 11:37:55,949 [Worker-15: Launching mavenrun-2bbf5660-bdc1-4849-a74e-76cc71da2752] INFO  o.eclipse.m2e.core.internal.Bundles - 	Entry: C:\Users\subhraprakashs\Downloads\eclipse-jee-2023-03-R-win32-x86_64\eclipse\plugins\org.eclipse.m2e.maven.runtime_3.8.701.20230209-1606\jars\maven-resolver-provider-3.8.7.jar
2023-10-06 11:37:55,949 [Worker-15: Launching mavenrun-2bbf5660-bdc1-4849-a74e-76cc71da2752] INFO  o.eclipse.m2e.core.internal.Bundles - 	Entry: C:\Users\subhraprakashs\Downloads\eclipse-jee-2023-03-R-win32-x86_64\eclipse\plugins\org.eclipse.m2e.maven.runtime_3.8.701.20230209-1606\jars\maven-resolver-spi-1.6.3.jar
2023-10-06 11:37:55,949 [Worker-15: Launching mavenrun-2bbf5660-bdc1-4849-a74e-76cc71da2752] INFO  o.eclipse.m2e.core.internal.Bundles - 	Entry: C:\Users\subhraprakashs\Downloads\eclipse-jee-2023-03-R-win32-x86_64\eclipse\plugins\org.eclipse.m2e.maven.runtime_3.8.701.20230209-1606\jars\maven-resolver-transport-wagon-1.6.3.jar
2023-10-06 11:37:55,949 [Worker-15: Launching mavenrun-2bbf5660-bdc1-4849-a74e-76cc71da2752] INFO  o.eclipse.m2e.core.internal.Bundles - 	Entry: C:\Users\subhraprakashs\Downloads\eclipse-jee-2023-03-R-win32-x86_64\eclipse\plugins\org.eclipse.m2e.maven.runtime_3.8.701.20230209-1606\jars\maven-resolver-util-1.6.3.jar
2023-10-06 11:37:55,950 [Worker-15: Launching mavenrun-2bbf5660-bdc1-4849-a74e-76cc71da2752] INFO  o.eclipse.m2e.core.internal.Bundles - 	Entry: C:\Users\subhraprakashs\Downloads\eclipse-jee-2023-03-R-win32-x86_64\eclipse\plugins\org.eclipse.m2e.maven.runtime_3.8.701.20230209-1606\jars\maven-settings-3.8.7.jar
2023-10-06 11:37:55,950 [Worker-15: Launching mavenrun-2bbf5660-bdc1-4849-a74e-76cc71da2752] INFO  o.eclipse.m2e.core.internal.Bundles - 	Entry: C:\Users\subhraprakashs\Downloads\eclipse-jee-2023-03-R-win32-x86_64\eclipse\plugins\org.eclipse.m2e.maven.runtime_3.8.701.20230209-1606\jars\maven-settings-builder-3.8.7.jar
2023-10-06 11:37:55,950 [Worker-15: Launching mavenrun-2bbf5660-bdc1-4849-a74e-76cc71da2752] INFO  o.eclipse.m2e.core.internal.Bundles - 	Entry: C:\Users\subhraprakashs\Downloads\eclipse-jee-2023-03-R-win32-x86_64\eclipse\plugins\org.eclipse.m2e.maven.runtime_3.8.701.20230209-1606\jars\maven-shared-utils-3.3.4.jar
2023-10-06 11:37:55,950 [Worker-15: Launching mavenrun-2bbf5660-bdc1-4849-a74e-76cc71da2752] INFO  o.eclipse.m2e.core.internal.Bundles - 	Entry: C:\Users\subhraprakashs\Downloads\eclipse-jee-2023-03-R-win32-x86_64\eclipse\plugins\org.eclipse.m2e.maven.runtime_3.8.701.20230209-1606\jars\okhttp-3.14.1.jar
2023-10-06 11:37:55,950 [Worker-15: Launching mavenrun-2bbf5660-bdc1-4849-a74e-76cc71da2752] INFO  o.eclipse.m2e.core.internal.Bundles - 	Entry: C:\Users\subhraprakashs\Downloads\eclipse-jee-2023-03-R-win32-x86_64\eclipse\plugins\org.eclipse.m2e.maven.runtime_3.8.701.20230209-1606\jars\okio-1.17.3.jar
2023-10-06 11:37:55,951 [Worker-15: Launching mavenrun-2bbf5660-bdc1-4849-a74e-76cc71da2752] INFO  o.eclipse.m2e.core.internal.Bundles - 	Entry: C:\Users\subhraprakashs\Downloads\eclipse-jee-2023-03-R-win32-x86_64\eclipse\plugins\org.eclipse.m2e.maven.runtime_3.8.701.20230209-1606\jars\org.eclipse.sisu.inject-0.3.5.jar
2023-10-06 11:37:55,951 [Worker-15: Launching mavenrun-2bbf5660-bdc1-4849-a74e-76cc71da2752] INFO  o.eclipse.m2e.core.internal.Bundles - 	Entry: C:\Users\subhraprakashs\Downloads\eclipse-jee-2023-03-R-win32-x86_64\eclipse\plugins\org.eclipse.m2e.maven.runtime_3.8.701.20230209-1606\jars\org.eclipse.sisu.plexus-0.3.5.jar
2023-10-06 11:37:55,951 [Worker-15: Launching mavenrun-2bbf5660-bdc1-4849-a74e-76cc71da2752] INFO  o.eclipse.m2e.core.internal.Bundles - 	Entry: C:\Users\subhraprakashs\Downloads\eclipse-jee-2023-03-R-win32-x86_64\eclipse\plugins\org.eclipse.m2e.maven.runtime_3.8.701.20230209-1606\jars\plexus-build-api-0.0.7.jar
2023-10-06 11:37:55,951 [Worker-15: Launching mavenrun-2bbf5660-bdc1-4849-a74e-76cc71da2752] INFO  o.eclipse.m2e.core.internal.Bundles - 	Entry: C:\Users\subhraprakashs\Downloads\eclipse-jee-2023-03-R-win32-x86_64\eclipse\plugins\org.eclipse.m2e.maven.runtime_3.8.701.20230209-1606\jars\plexus-cipher-2.0.jar
2023-10-06 11:37:55,952 [Worker-15: Launching mavenrun-2bbf5660-bdc1-4849-a74e-76cc71da2752] INFO  o.eclipse.m2e.core.internal.Bundles - 	Entry: C:\Users\subhraprakashs\Downloads\eclipse-jee-2023-03-R-win32-x86_64\eclipse\plugins\org.eclipse.m2e.maven.runtime_3.8.701.20230209-1606\jars\plexus-classworlds-2.6.0.jar
2023-10-06 11:37:55,952 [Worker-15: Launching mavenrun-2bbf5660-bdc1-4849-a74e-76cc71da2752] INFO  o.eclipse.m2e.core.internal.Bundles - 	Entry: C:\Users\subhraprakashs\Downloads\eclipse-jee-2023-03-R-win32-x86_64\eclipse\plugins\org.eclipse.m2e.maven.runtime_3.8.701.20230209-1606\jars\plexus-component-annotations-2.1.0.jar
2023-10-06 11:37:55,952 [Worker-15: Launching mavenrun-2bbf5660-bdc1-4849-a74e-76cc71da2752] INFO  o.eclipse.m2e.core.internal.Bundles - 	Entry: C:\Users\subhraprakashs\Downloads\eclipse-jee-2023-03-R-win32-x86_64\eclipse\plugins\org.eclipse.m2e.maven.runtime_3.8.701.20230209-1606\jars\plexus-interpolation-1.26.jar
2023-10-06 11:37:55,952 [Worker-15: Launching mavenrun-2bbf5660-bdc1-4849-a74e-76cc71da2752] INFO  o.eclipse.m2e.core.internal.Bundles - 	Entry: C:\Users\subhraprakashs\Downloads\eclipse-jee-2023-03-R-win32-x86_64\eclipse\plugins\org.eclipse.m2e.maven.runtime_3.8.701.20230209-1606\jars\plexus-sec-dispatcher-2.0.jar
2023-10-06 11:37:55,953 [Worker-15: Launching mavenrun-2bbf5660-bdc1-4849-a74e-76cc71da2752] INFO  o.eclipse.m2e.core.internal.Bundles - 	Entry: C:\Users\subhraprakashs\Downloads\eclipse-jee-2023-03-R-win32-x86_64\eclipse\plugins\org.eclipse.m2e.maven.runtime_3.8.701.20230209-1606\jars\plexus-utils-3.3.1.jar
2023-10-06 11:37:55,953 [Worker-15: Launching mavenrun-2bbf5660-bdc1-4849-a74e-76cc71da2752] INFO  o.eclipse.m2e.core.internal.Bundles - 	Entry: C:\Users\subhraprakashs\Downloads\eclipse-jee-2023-03-R-win32-x86_64\eclipse\plugins\org.eclipse.m2e.maven.runtime_3.8.701.20230209-1606\jars\wagon-file-3.5.3.jar
2023-10-06 11:37:55,953 [Worker-15: Launching mavenrun-2bbf5660-bdc1-4849-a74e-76cc71da2752] INFO  o.eclipse.m2e.core.internal.Bundles - 	Entry: C:\Users\subhraprakashs\Downloads\eclipse-jee-2023-03-R-win32-x86_64\eclipse\plugins\org.eclipse.m2e.maven.runtime_3.8.701.20230209-1606\jars\wagon-provider-api-3.5.3.jar
2023-10-06 11:37:55,955 [Worker-15: Launching mavenrun-2bbf5660-bdc1-4849-a74e-76cc71da2752] INFO  o.eclipse.m2e.core.internal.Bundles - getClasspathEntries(Bundle=com.google.guava_31.1.0.jre [11])
2023-10-06 11:37:55,956 [Worker-15: Launching mavenrun-2bbf5660-bdc1-4849-a74e-76cc71da2752] INFO  o.eclipse.m2e.core.internal.Bundles - 	Entry: C:\Users\subhraprakashs\Downloads\eclipse-jee-2023-03-R-win32-x86_64\eclipse\plugins\com.google.guava_31.1.0.jre.jar
2023-10-06 11:37:55,956 [Worker-15: Launching mavenrun-2bbf5660-bdc1-4849-a74e-76cc71da2752] INFO  o.eclipse.m2e.core.internal.Bundles - getClasspathEntries(Bundle=slf4j.api_1.7.36 [924])
2023-10-06 11:37:56,187 [Worker-15: Launching mavenrun-2bbf5660-bdc1-4849-a74e-76cc71da2752] INFO  o.eclipse.m2e.core.internal.Bundles - 	Entry: C:\Users\subhraprakashs\Downloads\eclipse-jee-2023-03-R-win32-x86_64\eclipse\plugins\slf4j.api_1.7.36.jar
2023-10-06 11:37:56,187 [Worker-15: Launching mavenrun-2bbf5660-bdc1-4849-a74e-76cc71da2752] INFO  o.eclipse.m2e.core.internal.Bundles - getClasspathEntries(Bundle=javax.inject_1.0.0.v20220405-0441 [35])
2023-10-06 11:37:56,328 [Worker-15: Launching mavenrun-2bbf5660-bdc1-4849-a74e-76cc71da2752] INFO  o.eclipse.m2e.core.internal.Bundles - 	Entry: C:\Users\subhraprakashs\Downloads\eclipse-jee-2023-03-R-win32-x86_64\eclipse\plugins\javax.inject_1.0.0.v20220405-0441.jar
2023-10-06 11:37:56,328 [Worker-15: Launching mavenrun-2bbf5660-bdc1-4849-a74e-76cc71da2752] INFO  o.eclipse.m2e.core.internal.Bundles - getClasspathEntries(Bundle=javax.annotation_1.3.5.v20221203-1659 [33])
2023-10-06 11:37:56,547 [Worker-15: Launching mavenrun-2bbf5660-bdc1-4849-a74e-76cc71da2752] INFO  o.eclipse.m2e.core.internal.Bundles - 	Entry: C:\Users\subhraprakashs\Downloads\eclipse-jee-2023-03-R-win32-x86_64\eclipse\plugins\javax.annotation_1.3.5.v20221203-1659.jar
2023-10-06 11:37:56,547 [Worker-15: Launching mavenrun-2bbf5660-bdc1-4849-a74e-76cc71da2752] INFO  o.eclipse.m2e.core.internal.Bundles - getClasspathEntries(Bundle=org.apache.commons.cli_1.4.0.v20221112-0806 [67])
2023-10-06 11:37:56,565 [Worker-15: Launching mavenrun-2bbf5660-bdc1-4849-a74e-76cc71da2752] INFO  o.eclipse.m2e.core.internal.Bundles - 	Entry: C:\Users\subhraprakashs\Downloads\eclipse-jee-2023-03-R-win32-x86_64\eclipse\plugins\org.apache.commons.cli_1.4.0.v20221112-0806.jar
2023-10-06 11:37:56,565 [Worker-15: Launching mavenrun-2bbf5660-bdc1-4849-a74e-76cc71da2752] INFO  o.eclipse.m2e.core.internal.Bundles - getClasspathEntries(Bundle=com.google.guava.failureaccess_1.0.1 [13])
2023-10-06 11:37:56,639 [Worker-15: Launching mavenrun-2bbf5660-bdc1-4849-a74e-76cc71da2752] INFO  o.eclipse.m2e.core.internal.Bundles - 	Entry: C:\Users\subhraprakashs\Downloads\eclipse-jee-2023-03-R-win32-x86_64\eclipse\plugins\com.google.guava.failureaccess_1.0.1.jar
2023-10-06 11:37:56,642 [Worker-15: Launching mavenrun-2bbf5660-bdc1-4849-a74e-76cc71da2752] INFO  o.e.m.i.launch.MavenLaunchDelegate - Run build in "C:\Users\SUBHRA~1\AppData\Local\Temp\m2e-archetypeGenerator4724471547964118109":
2023-10-06 11:37:56,646 [Worker-15: Launching mavenrun-2bbf5660-bdc1-4849-a74e-76cc71da2752] INFO  o.e.m.i.launch.MavenLaunchDelegate -  mvn  -DarchetypeGroupId=de.bripkens -DarchetypeArtifactId=java-quickstart -DarchetypeVersion=0.2.0 -DgroupId=infinite -DartifactId=RegularExpression -Dversion=0.0.1-SNAPSHOT -Dpackage=com.java.reg -DoutputDirectory=D:\Regular_expression -Dstyle.color=always -U archetype:generate
2023-10-06 11:38:18,195 [Worker-27: Creating java-quickstart] INFO  o.e.m.c.i.p.ProjectConfigurationManager - Collecting project info '/pom.xml' D:\Regular_expression\RegularExpression\pom.xml
2023-10-06 11:38:28,145 [Worker-27: Creating java-quickstart] INFO  o.e.m.c.i.l.LifecycleMappingFactory - Using org.eclipse.m2e.jdt.JarLifecycleMapping lifecycle mapping for MavenProject: infinite:RegularExpression:0.0.1-SNAPSHOT @ D:\Regular_expression\RegularExpression\pom.xml.
2023-10-06 11:38:29,669 [Worker-27: Creating java-quickstart] INFO  o.e.m.j.i.AbstractJavaProjectConfigurator - Adding source folder /RegularExpression/src/main/java
2023-10-06 11:38:29,680 [Worker-27: Creating java-quickstart] INFO  o.e.m.j.i.AbstractJavaProjectConfigurator - Adding source folder /RegularExpression/src/test/java
2023-10-06 11:38:32,538 [Worker-27: Creating java-quickstart] INFO  o.e.m.c.i.embedder.EclipseLogger - Using 'UTF-8' encoding to copy filtered resources.
2023-10-06 11:38:32,538 [Worker-27: Creating java-quickstart] INFO  o.e.m.c.i.embedder.EclipseLogger - skip non existing resourceDirectory D:\Regular_expression\RegularExpression\src\main\resources
2023-10-06 11:38:32,541 [Worker-27: Creating java-quickstart] INFO  o.e.m.c.i.embedder.EclipseLogger - Using 'UTF-8' encoding to copy filtered resources.
2023-10-06 11:38:32,541 [Worker-27: Creating java-quickstart] INFO  o.e.m.c.i.embedder.EclipseLogger - skip non existing resourceDirectory D:\Regular_expression\RegularExpression\src\test\resources
2023-10-06 11:38:32,799 [Worker-27: Creating java-quickstart] INFO  o.e.m.c.i.p.ProjectConfigurationManager - Imported and configured 1 project(s) in 14 sec
2023-10-06 11:38:52,992 [Worker-6: Building] INFO  o.e.m.c.i.embedder.EclipseLogger - Using 'UTF-8' encoding to copy filtered resources.
2023-10-06 11:38:52,992 [Worker-6: Building] INFO  o.e.m.c.i.embedder.EclipseLogger - skip non existing resourceDirectory D:\Regular_expression\RegularExpression\src\main\resources
2023-10-06 11:38:52,996 [Worker-6: Building] INFO  o.e.m.c.i.embedder.EclipseLogger - Using 'UTF-8' encoding to copy filtered resources.
2023-10-06 11:38:52,996 [Worker-6: Building] INFO  o.e.m.c.i.embedder.EclipseLogger - skip non existing resourceDirectory D:\Regular_expression\RegularExpression\src\test\resources
2023-10-06 11:39:49,516 [Worker-17: Building] INFO  o.e.m.c.i.embedder.EclipseLogger - Using 'UTF-8' encoding to copy filtered resources.
2023-10-06 11:39:49,517 [Worker-17: Building] INFO  o.e.m.c.i.embedder.EclipseLogger - skip non existing resourceDirectory D:\Regular_expression\RegularExpression\src\main\resources
2023-10-06 11:39:49,520 [Worker-17: Building] INFO  o.e.m.c.i.embedder.EclipseLogger - Using 'UTF-8' encoding to copy filtered resources.
2023-10-06 11:39:49,520 [Worker-17: Building] INFO  o.e.m.c.i.embedder.EclipseLogger - skip non existing resourceDirectory D:\Regular_expression\RegularExpression\src\test\resources
2023-10-06 11:45:46,044 [Worker-30: Building] INFO  o.e.m.c.i.embedder.EclipseLogger - Using 'UTF-8' encoding to copy filtered resources.
2023-10-06 11:45:46,044 [Worker-30: Building] INFO  o.e.m.c.i.embedder.EclipseLogger - skip non existing resourceDirectory D:\Regular_expression\RegularExpression\src\main\resources
2023-10-06 11:45:46,046 [Worker-30: Building] INFO  o.e.m.c.i.embedder.EclipseLogger - Using 'UTF-8' encoding to copy filtered resources.
2023-10-06 11:45:46,046 [Worker-30: Building] INFO  o.e.m.c.i.embedder.EclipseLogger - skip non existing resourceDirectory D:\Regular_expression\RegularExpression\src\test\resources
2023-10-06 11:45:55,462 [Worker-30: Building] INFO  o.e.m.c.i.embedder.EclipseLogger - Using 'UTF-8' encoding to copy filtered resources.
2023-10-06 11:45:55,463 [Worker-30: Building] INFO  o.e.m.c.i.embedder.EclipseLogger - skip non existing resourceDirectory D:\Regular_expression\RegularExpression\src\main\resources
2023-10-06 11:45:55,464 [Worker-30: Building] INFO  o.e.m.c.i.embedder.EclipseLogger - Using 'UTF-8' encoding to copy filtered resources.
2023-10-06 11:45:55,465 [Worker-30: Building] INFO  o.e.m.c.i.embedder.EclipseLogger - skip non existing resourceDirectory D:\Regular_expression\RegularExpression\src\test\resources
2023-10-06 11:48:53,588 [Worker-19: Building] INFO  o.e.m.c.i.embedder.EclipseLogger - Using 'UTF-8' encoding to copy filtered resources.
2023-10-06 11:48:53,588 [Worker-19: Building] INFO  o.e.m.c.i.embedder.EclipseLogger - skip non existing resourceDirectory D:\Regular_expression\RegularExpression\src\main\resources
2023-10-06 11:48:53,590 [Worker-19: Building] INFO  o.e.m.c.i.embedder.EclipseLogger - Using 'UTF-8' encoding to copy filtered resources.
2023-10-06 11:48:53,590 [Worker-19: Building] INFO  o.e.m.c.i.embedder.EclipseLogger - skip non existing resourceDirectory D:\Regular_expression\RegularExpression\src\test\resources
2023-10-06 11:51:43,245 [Worker-40: Building] INFO  o.e.m.c.i.embedder.EclipseLogger - Using 'UTF-8' encoding to copy filtered resources.
2023-10-06 11:51:43,245 [Worker-40: Building] INFO  o.e.m.c.i.embedder.EclipseLogger - skip non existing resourceDirectory D:\Regular_expression\RegularExpression\src\main\resources
2023-10-06 11:51:43,247 [Worker-40: Building] INFO  o.e.m.c.i.embedder.EclipseLogger - Using 'UTF-8' encoding to copy filtered resources.
2023-10-06 11:51:43,247 [Worker-40: Building] INFO  o.e.m.c.i.embedder.EclipseLogger - skip non existing resourceDirectory D:\Regular_expression\RegularExpression\src\test\resources
2023-10-06 11:59:21,650 [Worker-30: Building] INFO  o.e.m.c.i.embedder.EclipseLogger - Using 'UTF-8' encoding to copy filtered resources.
2023-10-06 11:59:21,651 [Worker-30: Building] INFO  o.e.m.c.i.embedder.EclipseLogger - skip non existing resourceDirectory D:\Regular_expression\RegularExpression\src\main\resources
2023-10-06 11:59:21,653 [Worker-30: Building] INFO  o.e.m.c.i.embedder.EclipseLogger - Using 'UTF-8' encoding to copy filtered resources.
2023-10-06 11:59:21,654 [Worker-30: Building] INFO  o.e.m.c.i.embedder.EclipseLogger - skip non existing resourceDirectory D:\Regular_expression\RegularExpression\src\test\resources
2023-10-06 11:59:42,460 [Worker-47: Building] INFO  o.e.m.c.i.embedder.EclipseLogger - Using 'UTF-8' encoding to copy filtered resources.
2023-10-06 11:59:42,460 [Worker-47: Building] INFO  o.e.m.c.i.embedder.EclipseLogger - skip non existing resourceDirectory D:\Regular_expression\RegularExpression\src\main\resources
2023-10-06 11:59:42,462 [Worker-47: Building] INFO  o.e.m.c.i.embedder.EclipseLogger - Using 'UTF-8' encoding to copy filtered resources.
2023-10-06 11:59:42,462 [Worker-47: Building] INFO  o.e.m.c.i.embedder.EclipseLogger - skip non existing resourceDirectory D:\Regular_expression\RegularExpression\src\test\resources
2023-10-06 12:00:11,230 [Worker-43: Building] INFO  o.e.m.c.i.embedder.EclipseLogger - Using 'UTF-8' encoding to copy filtered resources.
2023-10-06 12:00:11,231 [Worker-43: Building] INFO  o.e.m.c.i.embedder.EclipseLogger - skip non existing resourceDirectory D:\Regular_expression\RegularExpression\src\main\resources
2023-10-06 12:00:11,237 [Worker-43: Building] INFO  o.e.m.c.i.embedder.EclipseLogger - Using 'UTF-8' encoding to copy filtered resources.
2023-10-06 12:00:11,238 [Worker-43: Building] INFO  o.e.m.c.i.embedder.EclipseLogger - skip non existing resourceDirectory D:\Regular_expression\RegularExpression\src\test\resources
2023-10-06 12:00:56,210 [Worker-29: Building] INFO  o.e.m.c.i.embedder.EclipseLogger - Using 'UTF-8' encoding to copy filtered resources.
2023-10-06 12:00:56,210 [Worker-29: Building] INFO  o.e.m.c.i.embedder.EclipseLogger - skip non existing resourceDirectory D:\Regular_expression\RegularExpression\src\main\resources
2023-10-06 12:00:56,212 [Worker-29: Building] INFO  o.e.m.c.i.embedder.EclipseLogger - Using 'UTF-8' encoding to copy filtered resources.
2023-10-06 12:00:56,213 [Worker-29: Building] INFO  o.e.m.c.i.embedder.EclipseLogger - skip non existing resourceDirectory D:\Regular_expression\RegularExpression\src\test\resources
2023-10-06 12:02:31,144 [Worker-45: Building] INFO  o.e.m.c.i.embedder.EclipseLogger - Using 'UTF-8' encoding to copy filtered resources.
2023-10-06 12:02:31,145 [Worker-45: Building] INFO  o.e.m.c.i.embedder.EclipseLogger - skip non existing resourceDirectory D:\Regular_expression\RegularExpression\src\main\resources
2023-10-06 12:02:31,148 [Worker-45: Building] INFO  o.e.m.c.i.embedder.EclipseLogger - Using 'UTF-8' encoding to copy filtered resources.
2023-10-06 12:02:31,148 [Worker-45: Building] INFO  o.e.m.c.i.embedder.EclipseLogger - skip non existing resourceDirectory D:\Regular_expression\RegularExpression\src\test\resources
2023-10-06 12:02:49,323 [Worker-29: Building] INFO  o.e.m.c.i.embedder.EclipseLogger - Using 'UTF-8' encoding to copy filtered resources.
2023-10-06 12:02:49,323 [Worker-29: Building] INFO  o.e.m.c.i.embedder.EclipseLogger - skip non existing resourceDirectory D:\Regular_expression\RegularExpression\src\main\resources
2023-10-06 12:02:49,325 [Worker-29: Building] INFO  o.e.m.c.i.embedder.EclipseLogger - Using 'UTF-8' encoding to copy filtered resources.
2023-10-06 12:02:49,326 [Worker-29: Building] INFO  o.e.m.c.i.embedder.EclipseLogger - skip non existing resourceDirectory D:\Regular_expression\RegularExpression\src\test\resources
2023-10-06 12:08:53,356 [Worker-50: Building] INFO  o.e.m.c.i.embedder.EclipseLogger - Using 'UTF-8' encoding to copy filtered resources.
2023-10-06 12:08:53,356 [Worker-50: Building] INFO  o.e.m.c.i.embedder.EclipseLogger - skip non existing resourceDirectory D:\Regular_expression\RegularExpression\src\main\resources
2023-10-06 12:08:53,359 [Worker-50: Building] INFO  o.e.m.c.i.embedder.EclipseLogger - Using 'UTF-8' encoding to copy filtered resources.
2023-10-06 12:08:53,359 [Worker-50: Building] INFO  o.e.m.c.i.embedder.EclipseLogger - skip non existing resourceDirectory D:\Regular_expression\RegularExpression\src\test\resources
2023-10-06 12:08:58,518 [Worker-58: Building] INFO  o.e.m.c.i.embedder.EclipseLogger - Using 'UTF-8' encoding to copy filtered resources.
2023-10-06 12:08:58,520 [Worker-58: Building] INFO  o.e.m.c.i.embedder.EclipseLogger - skip non existing resourceDirectory D:\Regular_expression\RegularExpression\src\main\resources
2023-10-06 12:08:58,524 [Worker-58: Building] INFO  o.e.m.c.i.embedder.EclipseLogger - Using 'UTF-8' encoding to copy filtered resources.
2023-10-06 12:08:58,524 [Worker-58: Building] INFO  o.e.m.c.i.embedder.EclipseLogger - skip non existing resourceDirectory D:\Regular_expression\RegularExpression\src\test\resources
2023-10-06 12:09:05,373 [Worker-57: Building] INFO  o.e.m.c.i.embedder.EclipseLogger - Using 'UTF-8' encoding to copy filtered resources.
2023-10-06 12:09:05,373 [Worker-57: Building] INFO  o.e.m.c.i.embedder.EclipseLogger - skip non existing resourceDirectory D:\Regular_expression\RegularExpression\src\main\resources
2023-10-06 12:09:05,379 [Worker-57: Building] INFO  o.e.m.c.i.embedder.EclipseLogger - Using 'UTF-8' encoding to copy filtered resources.
2023-10-06 12:09:05,380 [Worker-57: Building] INFO  o.e.m.c.i.embedder.EclipseLogger - skip non existing resourceDirectory D:\Regular_expression\RegularExpression\src\test\resources
2023-10-06 12:09:20,341 [Worker-60: Building] INFO  o.e.m.c.i.embedder.EclipseLogger - Using 'UTF-8' encoding to copy filtered resources.
2023-10-06 12:09:20,342 [Worker-60: Building] INFO  o.e.m.c.i.embedder.EclipseLogger - skip non existing resourceDirectory D:\Regular_expression\RegularExpression\src\main\resources
2023-10-06 12:09:20,343 [Worker-60: Building] INFO  o.e.m.c.i.embedder.EclipseLogger - Using 'UTF-8' encoding to copy filtered resources.
2023-10-06 12:09:20,343 [Worker-60: Building] INFO  o.e.m.c.i.embedder.EclipseLogger - skip non existing resourceDirectory D:\Regular_expression\RegularExpression\src\test\resources
2023-10-06 12:10:50,165 [Worker-61: Building] INFO  o.e.m.c.i.embedder.EclipseLogger - Using 'UTF-8' encoding to copy filtered resources.
2023-10-06 12:10:50,165 [Worker-61: Building] INFO  o.e.m.c.i.embedder.EclipseLogger - skip non existing resourceDirectory D:\Regular_expression\RegularExpression\src\main\resources
2023-10-06 12:10:50,168 [Worker-61: Building] INFO  o.e.m.c.i.embedder.EclipseLogger - Using 'UTF-8' encoding to copy filtered resources.
2023-10-06 12:10:50,169 [Worker-61: Building] INFO  o.e.m.c.i.embedder.EclipseLogger - skip non existing resourceDirectory D:\Regular_expression\RegularExpression\src\test\resources
2023-10-06 12:11:06,392 [Worker-65: Building] INFO  o.e.m.c.i.embedder.EclipseLogger - Using 'UTF-8' encoding to copy filtered resources.
2023-10-06 12:11:06,393 [Worker-65: Building] INFO  o.e.m.c.i.embedder.EclipseLogger - skip non existing resourceDirectory D:\Regular_expression\RegularExpression\src\main\resources
2023-10-06 12:11:06,395 [Worker-65: Building] INFO  o.e.m.c.i.embedder.EclipseLogger - Using 'UTF-8' encoding to copy filtered resources.
2023-10-06 12:11:06,395 [Worker-65: Building] INFO  o.e.m.c.i.embedder.EclipseLogger - skip non existing resourceDirectory D:\Regular_expression\RegularExpression\src\test\resources
2023-10-06 12:15:10,605 [Worker-58: Building] INFO  o.e.m.c.i.embedder.EclipseLogger - Using 'UTF-8' encoding to copy filtered resources.
2023-10-06 12:15:10,605 [Worker-58: Building] INFO  o.e.m.c.i.embedder.EclipseLogger - skip non existing resourceDirectory D:\Regular_expression\RegularExpression\src\main\resources
2023-10-06 12:15:10,608 [Worker-58: Building] INFO  o.e.m.c.i.embedder.EclipseLogger - Using 'UTF-8' encoding to copy filtered resources.
2023-10-06 12:15:10,608 [Worker-58: Building] INFO  o.e.m.c.i.embedder.EclipseLogger - skip non existing resourceDirectory D:\Regular_expression\RegularExpression\src\test\resources
2023-10-06 12:16:49,371 [Worker-72: Building] INFO  o.e.m.c.i.embedder.EclipseLogger - Using 'UTF-8' encoding to copy filtered resources.
2023-10-06 12:16:49,371 [Worker-72: Building] INFO  o.e.m.c.i.embedder.EclipseLogger - skip non existing resourceDirectory D:\Regular_expression\RegularExpression\src\main\resources
2023-10-06 12:16:49,373 [Worker-72: Building] INFO  o.e.m.c.i.embedder.EclipseLogger - Using 'UTF-8' encoding to copy filtered resources.
2023-10-06 12:16:49,373 [Worker-72: Building] INFO  o.e.m.c.i.embedder.EclipseLogger - skip non existing resourceDirectory D:\Regular_expression\RegularExpression\src\test\resources
2023-10-06 12:21:36,411 [Worker-76: Building] INFO  o.e.m.c.i.embedder.EclipseLogger - Using 'UTF-8' encoding to copy filtered resources.
2023-10-06 12:21:36,411 [Worker-76: Building] INFO  o.e.m.c.i.embedder.EclipseLogger - skip non existing resourceDirectory D:\Regular_expression\RegularExpression\src\main\resources
2023-10-06 12:21:36,413 [Worker-76: Building] INFO  o.e.m.c.i.embedder.EclipseLogger - Using 'UTF-8' encoding to copy filtered resources.
2023-10-06 12:21:36,413 [Worker-76: Building] INFO  o.e.m.c.i.embedder.EclipseLogger - skip non existing resourceDirectory D:\Regular_expression\RegularExpression\src\test\resources
2023-10-06 12:24:11,572 [Worker-86: Building] INFO  o.e.m.c.i.embedder.EclipseLogger - Using 'UTF-8' encoding to copy filtered resources.
2023-10-06 12:24:11,572 [Worker-86: Building] INFO  o.e.m.c.i.embedder.EclipseLogger - skip non existing resourceDirectory D:\Regular_expression\RegularExpression\src\main\resources
2023-10-06 12:24:11,576 [Worker-86: Building] INFO  o.e.m.c.i.embedder.EclipseLogger - Using 'UTF-8' encoding to copy filtered resources.
2023-10-06 12:24:11,576 [Worker-86: Building] INFO  o.e.m.c.i.embedder.EclipseLogger - skip non existing resourceDirectory D:\Regular_expression\RegularExpression\src\test\resources
